Rasa process starting
/Library/Frameworks/Python.framework/Versions/3.6/lib/python3.6/site-packages/pykwalify/core.py:99: UnsafeLoaderWarning: 
The default 'Loader' for 'load(stream)' without further arguments can be unsafe.
Use 'load(stream, Loader=ruamel.yaml.Loader)' explicitly if that is OK.
Alternatively include the following in your code:

  import warnings
  warnings.simplefilter('ignore', ruamel.yaml.error.UnsafeLoaderWarning)

In most other cases you should consider using 'safe_load(stream)'
  data = yaml.load(stream)

Rasa Core server is up and running on http://localhost:5005
Failed to parse intent end entities from ''. 
Rasa process starting
/Library/Frameworks/Python.framework/Versions/3.6/lib/python3.6/site-packages/pykwalify/core.py:99: UnsafeLoaderWarning: 
The default 'Loader' for 'load(stream)' without further arguments can be unsafe.
Use 'load(stream, Loader=ruamel.yaml.Loader)' explicitly if that is OK.
Alternatively include the following in your code:

  import warnings
  warnings.simplefilter('ignore', ruamel.yaml.error.UnsafeLoaderWarning)

In most other cases you should consider using 'safe_load(stream)'
  data = yaml.load(stream)

Rasa Core server is up and running on http://localhost:5005
Failed to parse intent end entities from ''. 
Failed to parse intent end entities from ''. 
Failed to parse intent end entities from ''. 
Failed to parse intent end entities from ''. 
Failed to parse intent end entities from ''. 
Failed to parse intent end entities from ''. 
Failed to parse intent end entities from ''. 
Failed to parse intent end entities from ''. 
Failed to parse intent end entities from ''. 
Failed to parse intent end entities from ''. 
Failed to parse intent end entities from ''. 
Failed to parse intent end entities from ''. 
Failed to parse intent end entities from ''. 
Failed to parse intent end entities from ''. 
Rasa process starting
/Library/Frameworks/Python.framework/Versions/3.6/lib/python3.6/site-packages/pykwalify/core.py:99: UnsafeLoaderWarning: 
The default 'Loader' for 'load(stream)' without further arguments can be unsafe.
Use 'load(stream, Loader=ruamel.yaml.Loader)' explicitly if that is OK.
Alternatively include the following in your code:

  import warnings
  warnings.simplefilter('ignore', ruamel.yaml.error.UnsafeLoaderWarning)

In most other cases you should consider using 'safe_load(stream)'
  data = yaml.load(stream)

Rasa Core server is up and running on http://localhost:5005
Rasa process starting
Rasa process starting
/Library/Frameworks/Python.framework/Versions/3.6/lib/python3.6/site-packages/rasa_nlu/extractors/entity_synonyms.py:85: UserWarning: Failed to load synonyms file from 'models/default/nlu/entity_synonyms.json'
  "".format(entity_synonyms_file))

Restoring parameters from models/default/nlu/intent_classifier_tensorflow_embedding.ckpt
Rasa process starting
/Library/Frameworks/Python.framework/Versions/3.6/lib/python3.6/site-packages/rasa_nlu/extractors/entity_synonyms.py:85: UserWarning: Failed to load synonyms file from 'models/default/nlu/entity_synonyms.json'
  "".format(entity_synonyms_file))

Restoring parameters from models/default/nlu/intent_classifier_tensorflow_embedding.ckpt
/Library/Frameworks/Python.framework/Versions/3.6/lib/python3.6/site-packages/pykwalify/core.py:99: UnsafeLoaderWarning: 
The default 'Loader' for 'load(stream)' without further arguments can be unsafe.
Use 'load(stream, Loader=ruamel.yaml.Loader)' explicitly if that is OK.
Alternatively include the following in your code:

  import warnings
  warnings.simplefilter('ignore', ruamel.yaml.error.UnsafeLoaderWarning)

In most other cases you should consider using 'safe_load(stream)'
  data = yaml.load(stream)

Rasa Core server is up and running on http://localhost:5005
Rasa process starting
/Library/Frameworks/Python.framework/Versions/3.6/lib/python3.6/site-packages/rasa_nlu/extractors/entity_synonyms.py:85: UserWarning: Failed to load synonyms file from 'models/default/nlu/entity_synonyms.json'
  "".format(entity_synonyms_file))

Restoring parameters from models/default/nlu/intent_classifier_tensorflow_embedding.ckpt
/Library/Frameworks/Python.framework/Versions/3.6/lib/python3.6/site-packages/pykwalify/core.py:99: UnsafeLoaderWarning: 
The default 'Loader' for 'load(stream)' without further arguments can be unsafe.
Use 'load(stream, Loader=ruamel.yaml.Loader)' explicitly if that is OK.
Alternatively include the following in your code:

  import warnings
  warnings.simplefilter('ignore', ruamel.yaml.error.UnsafeLoaderWarning)

In most other cases you should consider using 'safe_load(stream)'
  data = yaml.load(stream)

Rasa Core server is up and running on http://localhost:5005
Rasa process starting
/Library/Frameworks/Python.framework/Versions/3.6/lib/python3.6/site-packages/rasa_nlu/extractors/entity_synonyms.py:85: UserWarning: Failed to load synonyms file from 'models/default/nlu/entity_synonyms.json'
  "".format(entity_synonyms_file))

Restoring parameters from models/default/nlu/intent_classifier_tensorflow_embedding.ckpt
/Library/Frameworks/Python.framework/Versions/3.6/lib/python3.6/site-packages/pykwalify/core.py:99: UnsafeLoaderWarning: 
The default 'Loader' for 'load(stream)' without further arguments can be unsafe.
Use 'load(stream, Loader=ruamel.yaml.Loader)' explicitly if that is OK.
Alternatively include the following in your code:

  import warnings
  warnings.simplefilter('ignore', ruamel.yaml.error.UnsafeLoaderWarning)

In most other cases you should consider using 'safe_load(stream)'
  data = yaml.load(stream)

Rasa Core server is up and running on http://localhost:5005
Rasa process starting
/Library/Frameworks/Python.framework/Versions/3.6/lib/python3.6/site-packages/rasa_nlu/extractors/entity_synonyms.py:85: UserWarning: Failed to load synonyms file from 'models/default/nlu/entity_synonyms.json'
  "".format(entity_synonyms_file))

Restoring parameters from models/default/nlu/intent_classifier_tensorflow_embedding.ckpt
/Library/Frameworks/Python.framework/Versions/3.6/lib/python3.6/site-packages/pykwalify/core.py:99: UnsafeLoaderWarning: 
The default 'Loader' for 'load(stream)' without further arguments can be unsafe.
Use 'load(stream, Loader=ruamel.yaml.Loader)' explicitly if that is OK.
Alternatively include the following in your code:

  import warnings
  warnings.simplefilter('ignore', ruamel.yaml.error.UnsafeLoaderWarning)

In most other cases you should consider using 'safe_load(stream)'
  data = yaml.load(stream)

Rasa Core server is up and running on http://localhost:5005
Rasa process starting
/Library/Frameworks/Python.framework/Versions/3.6/lib/python3.6/site-packages/rasa_nlu/extractors/entity_synonyms.py:85: UserWarning: Failed to load synonyms file from 'models/default/nlu/entity_synonyms.json'
  "".format(entity_synonyms_file))

Restoring parameters from models/default/nlu/intent_classifier_tensorflow_embedding.ckpt
/Library/Frameworks/Python.framework/Versions/3.6/lib/python3.6/site-packages/pykwalify/core.py:99: UnsafeLoaderWarning: 
The default 'Loader' for 'load(stream)' without further arguments can be unsafe.
Use 'load(stream, Loader=ruamel.yaml.Loader)' explicitly if that is OK.
Alternatively include the following in your code:

  import warnings
  warnings.simplefilter('ignore', ruamel.yaml.error.UnsafeLoaderWarning)

In most other cases you should consider using 'safe_load(stream)'
  data = yaml.load(stream)

Rasa Core server is up and running on http://localhost:5005
Rasa process starting
/Library/Frameworks/Python.framework/Versions/3.6/lib/python3.6/site-packages/rasa_nlu/extractors/entity_synonyms.py:85: UserWarning: Failed to load synonyms file from 'models/default/model_20181112-154255/entity_synonyms.json'
  "".format(entity_synonyms_file))

Restoring parameters from models/default/model_20181112-154255/intent_classifier_tensorflow_embedding.ckpt
Rasa process starting
/Library/Frameworks/Python.framework/Versions/3.6/lib/python3.6/site-packages/rasa_nlu/extractors/entity_synonyms.py:85: UserWarning: Failed to load synonyms file from 'models/default/model_20181112-154255/entity_synonyms.json'
  "".format(entity_synonyms_file))

Restoring parameters from models/default/model_20181112-154255/intent_classifier_tensorflow_embedding.ckpt
Rasa process starting
/Library/Frameworks/Python.framework/Versions/3.6/lib/python3.6/site-packages/rasa_nlu/extractors/entity_synonyms.py:85: UserWarning: Failed to load synonyms file from 'models/default/model_20181112-154255/entity_synonyms.json'
  "".format(entity_synonyms_file))

Restoring parameters from models/default/model_20181112-154255/intent_classifier_tensorflow_embedding.ckpt
/Library/Frameworks/Python.framework/Versions/3.6/lib/python3.6/site-packages/pykwalify/core.py:99: UnsafeLoaderWarning: 
The default 'Loader' for 'load(stream)' without further arguments can be unsafe.
Use 'load(stream, Loader=ruamel.yaml.Loader)' explicitly if that is OK.
Alternatively include the following in your code:

  import warnings
  warnings.simplefilter('ignore', ruamel.yaml.error.UnsafeLoaderWarning)

In most other cases you should consider using 'safe_load(stream)'
  data = yaml.load(stream)

Rasa Core server is up and running on http://localhost:5005
Rasa process starting
/Library/Frameworks/Python.framework/Versions/3.6/lib/python3.6/site-packages/rasa_nlu/extractors/entity_synonyms.py:85: UserWarning: Failed to load synonyms file from 'models/default/model_20181112-154255/entity_synonyms.json'
  "".format(entity_synonyms_file))

Restoring parameters from models/default/model_20181112-154255/intent_classifier_tensorflow_embedding.ckpt
/Library/Frameworks/Python.framework/Versions/3.6/lib/python3.6/site-packages/pykwalify/core.py:99: UnsafeLoaderWarning: 
The default 'Loader' for 'load(stream)' without further arguments can be unsafe.
Use 'load(stream, Loader=ruamel.yaml.Loader)' explicitly if that is OK.
Alternatively include the following in your code:

  import warnings
  warnings.simplefilter('ignore', ruamel.yaml.error.UnsafeLoaderWarning)

In most other cases you should consider using 'safe_load(stream)'
  data = yaml.load(stream)

Rasa Core server is up and running on http://localhost:5005
Rasa process starting
/Library/Frameworks/Python.framework/Versions/3.6/lib/python3.6/site-packages/rasa_nlu/extractors/entity_synonyms.py:85: UserWarning: Failed to load synonyms file from 'models/default/model_20181112-154255/entity_synonyms.json'
  "".format(entity_synonyms_file))

Restoring parameters from models/default/model_20181112-154255/intent_classifier_tensorflow_embedding.ckpt
/Library/Frameworks/Python.framework/Versions/3.6/lib/python3.6/site-packages/pykwalify/core.py:99: UnsafeLoaderWarning: 
The default 'Loader' for 'load(stream)' without further arguments can be unsafe.
Use 'load(stream, Loader=ruamel.yaml.Loader)' explicitly if that is OK.
Alternatively include the following in your code:

  import warnings
  warnings.simplefilter('ignore', ruamel.yaml.error.UnsafeLoaderWarning)

In most other cases you should consider using 'safe_load(stream)'
  data = yaml.load(stream)

Server initialized for gevent.
Rasa Core server is up and running on http://localhost:5002
Rasa process starting
/Library/Frameworks/Python.framework/Versions/3.6/lib/python3.6/site-packages/rasa_nlu/extractors/entity_synonyms.py:85: UserWarning: Failed to load synonyms file from 'models/default/model_20181112-154255/entity_synonyms.json'
  "".format(entity_synonyms_file))

Restoring parameters from models/default/model_20181112-154255/intent_classifier_tensorflow_embedding.ckpt
/Library/Frameworks/Python.framework/Versions/3.6/lib/python3.6/site-packages/pykwalify/core.py:99: UnsafeLoaderWarning: 
The default 'Loader' for 'load(stream)' without further arguments can be unsafe.
Use 'load(stream, Loader=ruamel.yaml.Loader)' explicitly if that is OK.
Alternatively include the following in your code:

  import warnings
  warnings.simplefilter('ignore', ruamel.yaml.error.UnsafeLoaderWarning)

In most other cases you should consider using 'safe_load(stream)'
  data = yaml.load(stream)

Rasa Core server is up and running on http://localhost:5002
Rasa process starting
/Library/Frameworks/Python.framework/Versions/3.6/lib/python3.6/site-packages/rasa_nlu/extractors/entity_synonyms.py:85: UserWarning: Failed to load synonyms file from 'models/default/nlu/entity_synonyms.json'
  "".format(entity_synonyms_file))

Restoring parameters from models/default/nlu/intent_classifier_tensorflow_embedding.ckpt
/Library/Frameworks/Python.framework/Versions/3.6/lib/python3.6/site-packages/pykwalify/core.py:99: UnsafeLoaderWarning: 
The default 'Loader' for 'load(stream)' without further arguments can be unsafe.
Use 'load(stream, Loader=ruamel.yaml.Loader)' explicitly if that is OK.
Alternatively include the following in your code:

  import warnings
  warnings.simplefilter('ignore', ruamel.yaml.error.UnsafeLoaderWarning)

In most other cases you should consider using 'safe_load(stream)'
  data = yaml.load(stream)

Rasa Core server is up and running on http://localhost:5005
